D:\STUDY\C\C++\COPY CONSTRUCTOR ASSIGNMENT+\COPY CONSTRUCTOR ASSIGNMENT+\DEBUG\SOURCE.OBJ
D:\STUDY\C\C++\COPY CONSTRUCTOR ASSIGNMENT+\COPY CONSTRUCTOR ASSIGNMENT+\DEBUG\VC110.PDB
D:\STUDY\C\C++\COPY CONSTRUCTOR ASSIGNMENT+\DEBUG\COPY CONSTRUCTOR ASSIGNMENT+.ILK
D:\STUDY\C\C++\COPY CONSTRUCTOR ASSIGNMENT+\DEBUG\COPY CONSTRUCTOR ASSIGNMENT+.EXE
D:\STUDY\C\C++\COPY CONSTRUCTOR ASSIGNMENT+\DEBUG\COPY CONSTRUCTOR ASSIGNMENT+.PDB
D:\study\c\C++\copy constructor assignment+\copy constructor assignment+\Debug\Source.obj
D:\study\c\C++\copy constructor assignment+\copy constructor assignment+\Debug\cl.command.1.tlog
D:\study\c\C++\copy constructor assignment+\copy constructor assignment+\Debug\CL.read.1.tlog
D:\study\c\C++\copy constructor assignment+\copy constructor assignment+\Debug\CL.write.1.tlog
D:\study\c\C++\copy constructor assignment+\copy constructor assignment+\Debug\link-cvtres.read.1.tlog
D:\study\c\C++\copy constructor assignment+\copy constructor assignment+\Debug\link-cvtres.write.1.tlog
D:\study\c\C++\copy constructor assignment+\copy constructor assignment+\Debug\link-rc.read.1.tlog
D:\study\c\C++\copy constructor assignment+\copy constructor assignment+\Debug\link-rc.write.1.tlog
D:\study\c\C++\copy constructor assignment+\copy constructor assignment+\Debug\link.3092-cvtres.read.1.tlog
D:\study\c\C++\copy constructor assignment+\copy constructor assignment+\Debug\link.3092-cvtres.write.1.tlog
D:\study\c\C++\copy constructor assignment+\copy constructor assignment+\Debug\link.3092-rc.read.1.tlog
D:\study\c\C++\copy constructor assignment+\copy constructor assignment+\Debug\link.3092-rc.write.1.tlog
D:\study\c\C++\copy constructor assignment+\copy constructor assignment+\Debug\link.3092.read.1.tlog
D:\study\c\C++\copy constructor assignment+\copy constructor assignment+\Debug\link.3092.write.1.tlog
D:\study\c\C++\copy constructor assignment+\copy constructor assignment+\Debug\link.command.1.tlog
D:\study\c\C++\copy constructor assignment+\copy constructor assignment+\Debug\link.read.1.tlog
D:\study\c\C++\copy constructor assignment+\copy constructor assignment+\Debug\link.write.1.tlog
D:\study\c\C++\copy constructor assignment+\copy constructor assignment+\Debug\vc110.idb
D:\study\c\C++\copy constructor assignment+\copy constructor assignment+\Debug\vc110.pdb
D:\study\c\C++\copy constructor assignment+\Debug\copy constructor assignment+.pdb
D:\study\c\C++\copy constructor assignment+\Debug\copy constructor assignment+.exe
D:\study\c\C++\copy constructor assignment+\Debug\copy constructor assignment+.ilk
