D:\STUDY\C\C++\LINKED LIST USING EMPLOYEE\LINKED LIST USING EMPLOYEE\DEBUG\SLL USING EMP.OBJ
D:\STUDY\C\C++\LINKED LIST USING EMPLOYEE\LINKED LIST USING EMPLOYEE\DEBUG\VC110.PDB
D:\STUDY\C\C++\LINKED LIST USING EMPLOYEE\DEBUG\LINKED LIST USING EMPLOYEE.ILK
D:\STUDY\C\C++\LINKED LIST USING EMPLOYEE\DEBUG\LINKED LIST USING EMPLOYEE.EXE
D:\STUDY\C\C++\LINKED LIST USING EMPLOYEE\DEBUG\LINKED LIST USING EMPLOYEE.PDB
D:\study\c\C++\linked list using employee\linked list using employee\Debug\SLL using emp.obj
D:\study\c\C++\linked list using employee\linked list using employee\Debug\cl.command.1.tlog
D:\study\c\C++\linked list using employee\linked list using employee\Debug\CL.read.1.tlog
D:\study\c\C++\linked list using employee\linked list using employee\Debug\CL.write.1.tlog
D:\study\c\C++\linked list using employee\linked list using employee\Debug\link-cvtres.read.1.tlog
D:\study\c\C++\linked list using employee\linked list using employee\Debug\link-cvtres.write.1.tlog
D:\study\c\C++\linked list using employee\linked list using employee\Debug\link-rc.read.1.tlog
D:\study\c\C++\linked list using employee\linked list using employee\Debug\link-rc.write.1.tlog
D:\study\c\C++\linked list using employee\linked list using employee\Debug\link.command.1.tlog
D:\study\c\C++\linked list using employee\linked list using employee\Debug\link.read.1.tlog
D:\study\c\C++\linked list using employee\linked list using employee\Debug\link.write.1.tlog
D:\study\c\C++\linked list using employee\linked list using employee\Debug\vc110.idb
D:\study\c\C++\linked list using employee\linked list using employee\Debug\vc110.pdb
D:\study\c\C++\linked list using employee\Debug\linked list using employee.pdb
D:\study\c\C++\linked list using employee\Debug\linked list using employee.exe
D:\study\c\C++\linked list using employee\Debug\linked list using employee.ilk
