D:\STUDY\C\C++\COPY CONSTRCTOR\COPY CONSTRCTOR\DEBUG\SOURCE.OBJ
D:\STUDY\C\C++\COPY CONSTRCTOR\COPY CONSTRCTOR\DEBUG\VC110.PDB
D:\STUDY\C\C++\COPY CONSTRCTOR\DEBUG\COPY CONSTRCTOR.ILK
D:\STUDY\C\C++\COPY CONSTRCTOR\DEBUG\COPY CONSTRCTOR.EXE
D:\STUDY\C\C++\COPY CONSTRCTOR\DEBUG\COPY CONSTRCTOR.PDB
D:\study\c\C++\copy constrctor\copy constrctor\Debug\Source.obj
D:\study\c\C++\copy constrctor\copy constrctor\Debug\cl.command.1.tlog
D:\study\c\C++\copy constrctor\copy constrctor\Debug\CL.read.1.tlog
D:\study\c\C++\copy constrctor\copy constrctor\Debug\CL.write.1.tlog
D:\study\c\C++\copy constrctor\copy constrctor\Debug\link-cvtres.read.1.tlog
D:\study\c\C++\copy constrctor\copy constrctor\Debug\link-cvtres.write.1.tlog
D:\study\c\C++\copy constrctor\copy constrctor\Debug\link-rc.read.1.tlog
D:\study\c\C++\copy constrctor\copy constrctor\Debug\link-rc.write.1.tlog
D:\study\c\C++\copy constrctor\copy constrctor\Debug\link.command.1.tlog
D:\study\c\C++\copy constrctor\copy constrctor\Debug\link.read.1.tlog
D:\study\c\C++\copy constrctor\copy constrctor\Debug\link.write.1.tlog
D:\study\c\C++\copy constrctor\copy constrctor\Debug\vc110.idb
D:\study\c\C++\copy constrctor\copy constrctor\Debug\vc110.pdb
D:\study\c\C++\copy constrctor\Debug\copy constrctor.pdb
D:\study\c\C++\copy constrctor\Debug\copy constrctor.exe
D:\study\c\C++\copy constrctor\Debug\copy constrctor.ilk
