D:\STUDY\C\C++\DOWNCASTING 2\DOWNCASTING 2\DEBUG\VC110.PDB
D:\STUDY\C\C++\DOWNCASTING 2\DOWNCASTING 2\DEBUG\DOWNCASTING 2.OBJ
D:\STUDY\C\C++\DOWNCASTING 2\DEBUG\DOWNCASTING 2.ILK
D:\STUDY\C\C++\DOWNCASTING 2\DEBUG\DOWNCASTING 2.EXE
D:\STUDY\C\C++\DOWNCASTING 2\DEBUG\DOWNCASTING 2.PDB
D:\study\c\C++\downcasting 2\downcasting 2\Debug\downcasting 2.obj
D:\study\c\C++\downcasting 2\downcasting 2\Debug\cl.command.1.tlog
D:\study\c\C++\downcasting 2\downcasting 2\Debug\CL.read.1.tlog
D:\study\c\C++\downcasting 2\downcasting 2\Debug\CL.write.1.tlog
D:\study\c\C++\downcasting 2\downcasting 2\Debug\link-cvtres.read.1.tlog
D:\study\c\C++\downcasting 2\downcasting 2\Debug\link-cvtres.write.1.tlog
D:\study\c\C++\downcasting 2\downcasting 2\Debug\link-rc.read.1.tlog
D:\study\c\C++\downcasting 2\downcasting 2\Debug\link-rc.write.1.tlog
D:\study\c\C++\downcasting 2\downcasting 2\Debug\link.4192-cvtres.read.1.tlog
D:\study\c\C++\downcasting 2\downcasting 2\Debug\link.4192-cvtres.write.1.tlog
D:\study\c\C++\downcasting 2\downcasting 2\Debug\link.4192-rc.read.1.tlog
D:\study\c\C++\downcasting 2\downcasting 2\Debug\link.4192-rc.write.1.tlog
D:\study\c\C++\downcasting 2\downcasting 2\Debug\link.4192.read.1.tlog
D:\study\c\C++\downcasting 2\downcasting 2\Debug\link.4192.write.1.tlog
D:\study\c\C++\downcasting 2\downcasting 2\Debug\link.command.1.tlog
D:\study\c\C++\downcasting 2\downcasting 2\Debug\link.read.1.tlog
D:\study\c\C++\downcasting 2\downcasting 2\Debug\link.write.1.tlog
D:\study\c\C++\downcasting 2\downcasting 2\Debug\vc110.idb
D:\study\c\C++\downcasting 2\downcasting 2\Debug\vc110.pdb
D:\study\c\C++\downcasting 2\Debug\downcasting 2.pdb
D:\study\c\C++\downcasting 2\Debug\downcasting 2.exe
D:\study\c\C++\downcasting 2\Debug\downcasting 2.ilk
