Build started 18-08-2020 23:27:13.
     1>Project "D:\study\c\C++\linked list emp search\linked list emp search\linked list emp search.vcxproj" on node 2 (Build target(s)).
     1>InitializeBuildStatus:
         Creating "Debug\linked list emp search.unsuccessfulbuild" because "AlwaysCreate" was specified.
       ClCompile:
         C:\Program Files (x86)\Microsoft Visual Studio 11.0\VC\bin\CL.exe /c /ZI /nologo /W3 /WX- /Od /Oy- /D WIN32 /D _DEBUG /D _CONSOLE /D _UNICODE /D UNICODE /Gm /EHsc /RTC1 /MDd /GS /fp:precise /Zc:wchar_t /Zc:forScope /Fo"Debug\\" /Fd"Debug\vc110.pdb" /Gd /TP /analyze- /errorReport:prompt "serch emp.cpp"
         serch emp.cpp
     1>d:\study\c\c++\linked list emp search\linked list emp search\serch emp.cpp(65): warning C4996: 'strcpy': This function or variable may be unsafe. Consider using strcpy_s instead. To disable deprecation, use _CRT_SECURE_NO_WARNINGS. See online help for details.
                 c:\program files (x86)\microsoft visual studio 11.0\vc\include\string.h(110) : see declaration of 'strcpy'
     1>d:\study\c\c++\linked list emp search\linked list emp search\serch emp.cpp(73): warning C4996: 'strcpy': This function or variable may be unsafe. Consider using strcpy_s instead. To disable deprecation, use _CRT_SECURE_NO_WARNINGS. See online help for details.
                 c:\program files (x86)\microsoft visual studio 11.0\vc\include\string.h(110) : see declaration of 'strcpy'
     1>d:\study\c\c++\linked list emp search\linked list emp search\serch emp.cpp(179): warning C4101: 'error' : unreferenced local variable
       Link:
         C:\Program Files (x86)\Microsoft Visual Studio 11.0\VC\bin\link.exe /ERRORREPORT:PROMPT /OUT:"D:\study\c\C++\linked list emp search\Debug\linked list emp search.exe" /INCREMENTAL /NOLOGO kernel32.lib user32.lib gdi32.lib winspool.lib comdlg32.lib advapi32.lib shell32.lib ole32.lib oleaut32.lib uuid.lib odbc32.lib odbccp32.lib /MANIFEST /MANIFESTUAC:"level='asInvoker' uiAccess='false'" /manifest:embed /DEBUG /PDB:"D:\study\c\C++\linked list emp search\Debug\linked list emp search.pdb" /SUBSYSTEM:CONSOLE /TLBID:1 /DYNAMICBASE /NXCOMPAT /IMPLIB:"D:\study\c\C++\linked list emp search\Debug\linked list emp search.lib" /MACHINE:X86 "Debug\serch emp.obj"
         linked list emp search.vcxproj -> D:\study\c\C++\linked list emp search\Debug\linked list emp search.exe
       FinalizeBuildStatus:
         Deleting file "Debug\linked list emp search.unsuccessfulbuild".
         Touching "Debug\linked list emp search.lastbuildstate".
     1>Done Building Project "D:\study\c\C++\linked list emp search\linked list emp search\linked list emp search.vcxproj" (Build target(s)).

Build succeeded.

Time Elapsed 00:00:03.83
