D:\STUDY\C\C++\LINKED LIST EMP SEARCH\LINKED LIST EMP SEARCH\DEBUG\SERCH EMP.OBJ
D:\STUDY\C\C++\LINKED LIST EMP SEARCH\LINKED LIST EMP SEARCH\DEBUG\VC110.PDB
D:\STUDY\C\C++\LINKED LIST EMP SEARCH\DEBUG\LINKED LIST EMP SEARCH.ILK
D:\STUDY\C\C++\LINKED LIST EMP SEARCH\DEBUG\LINKED LIST EMP SEARCH.EXE
D:\STUDY\C\C++\LINKED LIST EMP SEARCH\DEBUG\LINKED LIST EMP SEARCH.PDB
D:\study\c\C++\linked list emp search\linked list emp search\Debug\serch emp.obj
D:\study\c\C++\linked list emp search\linked list emp search\Debug\cl.command.1.tlog
D:\study\c\C++\linked list emp search\linked list emp search\Debug\CL.read.1.tlog
D:\study\c\C++\linked list emp search\linked list emp search\Debug\CL.write.1.tlog
D:\study\c\C++\linked list emp search\linked list emp search\Debug\link-cvtres.read.1.tlog
D:\study\c\C++\linked list emp search\linked list emp search\Debug\link-cvtres.write.1.tlog
D:\study\c\C++\linked list emp search\linked list emp search\Debug\link-rc.read.1.tlog
D:\study\c\C++\linked list emp search\linked list emp search\Debug\link-rc.write.1.tlog
D:\study\c\C++\linked list emp search\linked list emp search\Debug\link.command.1.tlog
D:\study\c\C++\linked list emp search\linked list emp search\Debug\link.read.1.tlog
D:\study\c\C++\linked list emp search\linked list emp search\Debug\link.write.1.tlog
D:\study\c\C++\linked list emp search\linked list emp search\Debug\vc110.idb
D:\study\c\C++\linked list emp search\linked list emp search\Debug\vc110.pdb
D:\study\c\C++\linked list emp search\Debug\linked list emp search.pdb
D:\study\c\C++\linked list emp search\Debug\linked list emp search.exe
D:\study\c\C++\linked list emp search\Debug\linked list emp search.ilk
