D:\STUDY\C\C++\CONSTRUCTOR PARAMETRIZED HEAP\CONSTRUCTOR PARAMETRIZED HEAP\DEBUG\SOURCE.OBJ
D:\STUDY\C\C++\CONSTRUCTOR PARAMETRIZED HEAP\CONSTRUCTOR PARAMETRIZED HEAP\DEBUG\VC110.PDB
D:\STUDY\C\C++\CONSTRUCTOR PARAMETRIZED HEAP\DEBUG\CONSTRUCTOR PARAMETRIZED HEAP.ILK
D:\STUDY\C\C++\CONSTRUCTOR PARAMETRIZED HEAP\DEBUG\CONSTRUCTOR PARAMETRIZED HEAP.EXE
D:\STUDY\C\C++\CONSTRUCTOR PARAMETRIZED HEAP\DEBUG\CONSTRUCTOR PARAMETRIZED HEAP.PDB
D:\study\c\C++\constructor parametrized heap\constructor parametrized heap\Debug\Source.obj
D:\study\c\C++\constructor parametrized heap\constructor parametrized heap\Debug\cl.command.1.tlog
D:\study\c\C++\constructor parametrized heap\constructor parametrized heap\Debug\CL.read.1.tlog
D:\study\c\C++\constructor parametrized heap\constructor parametrized heap\Debug\CL.write.1.tlog
D:\study\c\C++\constructor parametrized heap\constructor parametrized heap\Debug\link-cvtres.read.1.tlog
D:\study\c\C++\constructor parametrized heap\constructor parametrized heap\Debug\link-cvtres.write.1.tlog
D:\study\c\C++\constructor parametrized heap\constructor parametrized heap\Debug\link-rc.read.1.tlog
D:\study\c\C++\constructor parametrized heap\constructor parametrized heap\Debug\link-rc.write.1.tlog
D:\study\c\C++\constructor parametrized heap\constructor parametrized heap\Debug\link.command.1.tlog
D:\study\c\C++\constructor parametrized heap\constructor parametrized heap\Debug\link.read.1.tlog
D:\study\c\C++\constructor parametrized heap\constructor parametrized heap\Debug\link.write.1.tlog
D:\study\c\C++\constructor parametrized heap\constructor parametrized heap\Debug\vc110.idb
D:\study\c\C++\constructor parametrized heap\constructor parametrized heap\Debug\vc110.pdb
D:\study\c\C++\constructor parametrized heap\Debug\constructor parametrized heap.pdb
D:\study\c\C++\constructor parametrized heap\Debug\constructor parametrized heap.exe
D:\study\c\C++\constructor parametrized heap\Debug\constructor parametrized heap.ilk
