D:\STUDY\C\C++\LINKED LIST FULL\LINKED LIST FULL\DEBUG\LINKED LIST FULL IMPLEMTATION.OBJ
D:\STUDY\C\C++\LINKED LIST FULL\LINKED LIST FULL\DEBUG\VC110.PDB
D:\STUDY\C\C++\LINKED LIST FULL\DEBUG\LINKED LIST FULL.ILK
D:\STUDY\C\C++\LINKED LIST FULL\DEBUG\LINKED LIST FULL.EXE
D:\STUDY\C\C++\LINKED LIST FULL\DEBUG\LINKED LIST FULL.PDB
D:\study\c\C++\Linked list full\Linked list full\Debug\Linked list full implemtation.obj
D:\study\c\C++\Linked list full\Linked list full\Debug\cl.command.1.tlog
D:\study\c\C++\Linked list full\Linked list full\Debug\CL.read.1.tlog
D:\study\c\C++\Linked list full\Linked list full\Debug\CL.write.1.tlog
D:\study\c\C++\Linked list full\Linked list full\Debug\link-cvtres.read.1.tlog
D:\study\c\C++\Linked list full\Linked list full\Debug\link-cvtres.write.1.tlog
D:\study\c\C++\Linked list full\Linked list full\Debug\link-rc.read.1.tlog
D:\study\c\C++\Linked list full\Linked list full\Debug\link-rc.write.1.tlog
D:\study\c\C++\Linked list full\Linked list full\Debug\link.command.1.tlog
D:\study\c\C++\Linked list full\Linked list full\Debug\link.read.1.tlog
D:\study\c\C++\Linked list full\Linked list full\Debug\link.write.1.tlog
D:\study\c\C++\Linked list full\Linked list full\Debug\vc110.idb
D:\study\c\C++\Linked list full\Linked list full\Debug\vc110.pdb
D:\study\c\C++\Linked list full\Debug\Linked list full.pdb
D:\study\c\C++\Linked list full\Debug\Linked list full.exe
D:\study\c\C++\Linked list full\Debug\Linked list full.ilk
