Build started 27-07-2020 17:11:27.
     1>Project "D:\study\c\C++\polymorphsism demo\polymorphsism demo\polymorphsism demo.vcxproj" on node 2 (Build target(s)).
     1>InitializeBuildStatus:
         Touching "Debug\polymorphsism demo.unsuccessfulbuild".
       ClCompile:
         C:\Program Files (x86)\Microsoft Visual Studio 11.0\VC\bin\CL.exe /c /ZI /nologo /W3 /WX- /Od /Oy- /D WIN32 /D _DEBUG /D _CONSOLE /D _UNICODE /D UNICODE /Gm /EHsc /RTC1 /MDd /GS /fp:precise /Zc:wchar_t /Zc:forScope /Fo"Debug\\" /Fd"Debug\vc110.pdb" /Gd /TP /analyze- /errorReport:prompt "polymorphism demo.cpp"
         polymorphism demo.cpp
     1>d:\study\c\c++\polymorphsism demo\polymorphsism demo\polymorphism demo.cpp(58): warning C4996: 'strcpy': This function or variable may be unsafe. Consider using strcpy_s instead. To disable deprecation, use _CRT_SECURE_NO_WARNINGS. See online help for details.
                 c:\program files (x86)\microsoft visual studio 11.0\vc\include\string.h(110) : see declaration of 'strcpy'
     1>d:\study\c\c++\polymorphsism demo\polymorphsism demo\polymorphism demo.cpp(66): warning C4996: 'strcpy': This function or variable may be unsafe. Consider using strcpy_s instead. To disable deprecation, use _CRT_SECURE_NO_WARNINGS. See online help for details.
                 c:\program files (x86)\microsoft visual studio 11.0\vc\include\string.h(110) : see declaration of 'strcpy'
     1>d:\study\c\c++\polymorphsism demo\polymorphsism demo\polymorphism demo.cpp(74): warning C4996: 'strcpy': This function or variable may be unsafe. Consider using strcpy_s instead. To disable deprecation, use _CRT_SECURE_NO_WARNINGS. See online help for details.
                 c:\program files (x86)\microsoft visual studio 11.0\vc\include\string.h(110) : see declaration of 'strcpy'
       Link:
         C:\Program Files (x86)\Microsoft Visual Studio 11.0\VC\bin\link.exe /ERRORREPORT:PROMPT /OUT:"D:\study\c\C++\polymorphsism demo\Debug\polymorphsism demo.exe" /INCREMENTAL /NOLOGO kernel32.lib user32.lib gdi32.lib winspool.lib comdlg32.lib advapi32.lib shell32.lib ole32.lib oleaut32.lib uuid.lib odbc32.lib odbccp32.lib /MANIFEST /MANIFESTUAC:"level='asInvoker' uiAccess='false'" /manifest:embed /DEBUG /PDB:"D:\study\c\C++\polymorphsism demo\Debug\polymorphsism demo.pdb" /SUBSYSTEM:CONSOLE /TLBID:1 /DYNAMICBASE /NXCOMPAT /IMPLIB:"D:\study\c\C++\polymorphsism demo\Debug\polymorphsism demo.lib" /MACHINE:X86 "Debug\polymorphism demo.obj"
         polymorphsism demo.vcxproj -> D:\study\c\C++\polymorphsism demo\Debug\polymorphsism demo.exe
       FinalizeBuildStatus:
         Deleting file "Debug\polymorphsism demo.unsuccessfulbuild".
         Touching "Debug\polymorphsism demo.lastbuildstate".
     1>Done Building Project "D:\study\c\C++\polymorphsism demo\polymorphsism demo\polymorphsism demo.vcxproj" (Build target(s)).

Build succeeded.

Time Elapsed 00:00:03.76
