D:\STUDY\C\C++\EMPLOYEE CLASS\EMPLOYEE CLASS\DEBUG\SOURCE.OBJ
D:\STUDY\C\C++\EMPLOYEE CLASS\EMPLOYEE CLASS\DEBUG\VC110.PDB
D:\STUDY\C\C++\EMPLOYEE CLASS\DEBUG\EMPLOYEE CLASS.ILK
D:\STUDY\C\C++\EMPLOYEE CLASS\DEBUG\EMPLOYEE CLASS.EXE
D:\STUDY\C\C++\EMPLOYEE CLASS\DEBUG\EMPLOYEE CLASS.PDB
D:\study\c\C++\employee class\employee class\Debug\cl.command.1.tlog
D:\study\c\C++\employee class\employee class\Debug\CL.read.1.tlog
D:\study\c\C++\employee class\employee class\Debug\CL.write.1.tlog
D:\study\c\C++\employee class\employee class\Debug\link-cvtres.read.1.tlog
D:\study\c\C++\employee class\employee class\Debug\link-cvtres.write.1.tlog
D:\study\c\C++\employee class\employee class\Debug\link-rc.read.1.tlog
D:\study\c\C++\employee class\employee class\Debug\link-rc.write.1.tlog
D:\study\c\C++\employee class\employee class\Debug\link.command.1.tlog
D:\study\c\C++\employee class\employee class\Debug\link.read.1.tlog
D:\study\c\C++\employee class\employee class\Debug\link.write.1.tlog
D:\study\c\C++\employee class\employee class\Debug\vc110.idb
D:\study\c\C++\employee class\employee class\Debug\vc110.pdb
D:\study\c\C++\employee class\Debug\employee class.pdb
D:\study\c\C++\employee class\Debug\employee class.exe
D:\study\c\C++\employee class\Debug\employee class.ilk
