D:\STUDY\C\C++\BANK CLASS\BANK CLASS\DEBUG\SOURCE.OBJ
D:\STUDY\C\C++\BANK CLASS\BANK CLASS\DEBUG\VC110.PDB
D:\STUDY\C\C++\BANK CLASS\DEBUG\BANK CLASS.ILK
D:\STUDY\C\C++\BANK CLASS\DEBUG\BANK CLASS.EXE
D:\STUDY\C\C++\BANK CLASS\DEBUG\BANK CLASS.PDB
D:\study\c\C++\bank class\bank class\Debug\Source.obj
D:\study\c\C++\bank class\bank class\Debug\cl.command.1.tlog
D:\study\c\C++\bank class\bank class\Debug\CL.read.1.tlog
D:\study\c\C++\bank class\bank class\Debug\CL.write.1.tlog
D:\study\c\C++\bank class\bank class\Debug\link-cvtres.read.1.tlog
D:\study\c\C++\bank class\bank class\Debug\link-cvtres.write.1.tlog
D:\study\c\C++\bank class\bank class\Debug\link-rc.read.1.tlog
D:\study\c\C++\bank class\bank class\Debug\link-rc.write.1.tlog
D:\study\c\C++\bank class\bank class\Debug\link.command.1.tlog
D:\study\c\C++\bank class\bank class\Debug\link.read.1.tlog
D:\study\c\C++\bank class\bank class\Debug\link.write.1.tlog
D:\study\c\C++\bank class\bank class\Debug\vc110.idb
D:\study\c\C++\bank class\bank class\Debug\vc110.pdb
D:\study\c\C++\bank class\Debug\bank class.pdb
D:\study\c\C++\bank class\Debug\bank class.exe
D:\study\c\C++\bank class\Debug\bank class.ilk
