Build started 23-07-2020 17:09:55.
     1>Project "D:\study\c\C++\bank class\bank class\bank class.vcxproj" on node 2 (Rebuild target(s)).
     1>_PrepareForClean:
         Deleting file "Debug\bank class.lastbuildstate".
       InitializeBuildStatus:
         Creating "Debug\bank class.unsuccessfulbuild" because "AlwaysCreate" was specified.
       ClCompile:
         C:\Program Files (x86)\Microsoft Visual Studio 11.0\VC\bin\CL.exe /c /ZI /nologo /W3 /WX- /Od /Oy- /D WIN32 /D _DEBUG /D _CONSOLE /D _UNICODE /D UNICODE /Gm /EHsc /RTC1 /MDd /GS /fp:precise /Zc:wchar_t /Zc:forScope /Fo"Debug\\" /Fd"Debug\vc110.pdb" /Gd /TP /analyze- /errorReport:prompt Source.cpp
         Source.cpp
     1>d:\study\c\c++\bank class\bank class\source.cpp(86): warning C4996: 'strcpy': This function or variable may be unsafe. Consider using strcpy_s instead. To disable deprecation, use _CRT_SECURE_NO_WARNINGS. See online help for details.
                 c:\program files (x86)\microsoft visual studio 11.0\vc\include\string.h(110) : see declaration of 'strcpy'
     1>d:\study\c\c++\bank class\bank class\source.cpp(92): warning C4996: 'strcpy': This function or variable may be unsafe. Consider using strcpy_s instead. To disable deprecation, use _CRT_SECURE_NO_WARNINGS. See online help for details.
                 c:\program files (x86)\microsoft visual studio 11.0\vc\include\string.h(110) : see declaration of 'strcpy'
     1>d:\study\c\c++\bank class\bank class\source.cpp(104): warning C4996: 'strcpy': This function or variable may be unsafe. Consider using strcpy_s instead. To disable deprecation, use _CRT_SECURE_NO_WARNINGS. See online help for details.
                 c:\program files (x86)\microsoft visual studio 11.0\vc\include\string.h(110) : see declaration of 'strcpy'
     1>d:\study\c\c++\bank class\bank class\source.cpp(152): warning C4305: 'initializing' : truncation from 'double' to 'float'
     1>d:\study\c\c++\bank class\bank class\source.cpp(161): warning C4305: 'argument' : truncation from 'double' to 'float'
       Link:
         C:\Program Files (x86)\Microsoft Visual Studio 11.0\VC\bin\link.exe /ERRORREPORT:PROMPT /OUT:"D:\study\c\C++\bank class\Debug\bank class.exe" /INCREMENTAL /NOLOGO kernel32.lib user32.lib gdi32.lib winspool.lib comdlg32.lib advapi32.lib shell32.lib ole32.lib oleaut32.lib uuid.lib odbc32.lib odbccp32.lib /MANIFEST /MANIFESTUAC:"level='asInvoker' uiAccess='false'" /manifest:embed /DEBUG /PDB:"D:\study\c\C++\bank class\Debug\bank class.pdb" /SUBSYSTEM:CONSOLE /TLBID:1 /DYNAMICBASE /NXCOMPAT /IMPLIB:"D:\study\c\C++\bank class\Debug\bank class.lib" /MACHINE:X86 Debug\Source.obj
         bank class.vcxproj -> D:\study\c\C++\bank class\Debug\bank class.exe
       FinalizeBuildStatus:
         Deleting file "Debug\bank class.unsuccessfulbuild".
         Touching "Debug\bank class.lastbuildstate".
     1>Done Building Project "D:\study\c\C++\bank class\bank class\bank class.vcxproj" (Rebuild target(s)).

Build succeeded.

Time Elapsed 00:00:04.41
