D:\STUDY\C\C++\TEMPLETE USING COMPLEX\TEMPLETE USING COMPLEX\DEBUG\TEMPLETE USING COMPLEX.OBJ
D:\STUDY\C\C++\TEMPLETE USING COMPLEX\TEMPLETE USING COMPLEX\DEBUG\VC110.PDB
D:\STUDY\C\C++\TEMPLETE USING COMPLEX\DEBUG\TEMPLETE USING COMPLEX.ILK
D:\STUDY\C\C++\TEMPLETE USING COMPLEX\DEBUG\TEMPLETE USING COMPLEX.EXE
D:\STUDY\C\C++\TEMPLETE USING COMPLEX\DEBUG\TEMPLETE USING COMPLEX.PDB
D:\study\c\C++\templete using complex\templete using complex\Debug\cl.command.1.tlog
D:\study\c\C++\templete using complex\templete using complex\Debug\CL.read.1.tlog
D:\study\c\C++\templete using complex\templete using complex\Debug\CL.write.1.tlog
D:\study\c\C++\templete using complex\templete using complex\Debug\link-cvtres.read.1.tlog
D:\study\c\C++\templete using complex\templete using complex\Debug\link-cvtres.write.1.tlog
D:\study\c\C++\templete using complex\templete using complex\Debug\link-rc.read.1.tlog
D:\study\c\C++\templete using complex\templete using complex\Debug\link-rc.write.1.tlog
D:\study\c\C++\templete using complex\templete using complex\Debug\link.3480-cvtres.read.1.tlog
D:\study\c\C++\templete using complex\templete using complex\Debug\link.3480-cvtres.write.1.tlog
D:\study\c\C++\templete using complex\templete using complex\Debug\link.3480-rc.read.1.tlog
D:\study\c\C++\templete using complex\templete using complex\Debug\link.3480-rc.write.1.tlog
D:\study\c\C++\templete using complex\templete using complex\Debug\link.3480.read.1.tlog
D:\study\c\C++\templete using complex\templete using complex\Debug\link.3480.write.1.tlog
D:\study\c\C++\templete using complex\templete using complex\Debug\link.7156-cvtres.read.1.tlog
D:\study\c\C++\templete using complex\templete using complex\Debug\link.7156-cvtres.write.1.tlog
D:\study\c\C++\templete using complex\templete using complex\Debug\link.7156-rc.read.1.tlog
D:\study\c\C++\templete using complex\templete using complex\Debug\link.7156-rc.write.1.tlog
D:\study\c\C++\templete using complex\templete using complex\Debug\link.7156.read.1.tlog
D:\study\c\C++\templete using complex\templete using complex\Debug\link.7156.write.1.tlog
D:\study\c\C++\templete using complex\templete using complex\Debug\link.command.1.tlog
D:\study\c\C++\templete using complex\templete using complex\Debug\link.read.1.tlog
D:\study\c\C++\templete using complex\templete using complex\Debug\link.write.1.tlog
D:\study\c\C++\templete using complex\templete using complex\Debug\vc110.idb
D:\study\c\C++\templete using complex\templete using complex\Debug\vc110.pdb
D:\study\c\C++\templete using complex\Debug\templete using complex.pdb
D:\study\c\C++\templete using complex\Debug\templete using complex.exe
D:\study\c\C++\templete using complex\Debug\templete using complex.ilk
