D:\STUDY\C\C++\LINKED LIST USING COMPLEX\LINKED LIST USING COMPLEX\DEBUG\SLL USING COMPLEX.OBJ
D:\STUDY\C\C++\LINKED LIST USING COMPLEX\LINKED LIST USING COMPLEX\DEBUG\VC110.PDB
D:\STUDY\C\C++\LINKED LIST USING COMPLEX\DEBUG\LINKED LIST USING COMPLEX.ILK
D:\STUDY\C\C++\LINKED LIST USING COMPLEX\DEBUG\LINKED LIST USING COMPLEX.EXE
D:\STUDY\C\C++\LINKED LIST USING COMPLEX\DEBUG\LINKED LIST USING COMPLEX.PDB
D:\study\c\C++\linked list using complex\linked list using complex\Debug\SLL using complex.obj
D:\study\c\C++\linked list using complex\linked list using complex\Debug\cl.command.1.tlog
D:\study\c\C++\linked list using complex\linked list using complex\Debug\CL.read.1.tlog
D:\study\c\C++\linked list using complex\linked list using complex\Debug\CL.write.1.tlog
D:\study\c\C++\linked list using complex\linked list using complex\Debug\link-cvtres.read.1.tlog
D:\study\c\C++\linked list using complex\linked list using complex\Debug\link-cvtres.write.1.tlog
D:\study\c\C++\linked list using complex\linked list using complex\Debug\link-rc.read.1.tlog
D:\study\c\C++\linked list using complex\linked list using complex\Debug\link-rc.write.1.tlog
D:\study\c\C++\linked list using complex\linked list using complex\Debug\link.5044-cvtres.read.1.tlog
D:\study\c\C++\linked list using complex\linked list using complex\Debug\link.5044-cvtres.write.1.tlog
D:\study\c\C++\linked list using complex\linked list using complex\Debug\link.5044-rc.read.1.tlog
D:\study\c\C++\linked list using complex\linked list using complex\Debug\link.5044-rc.write.1.tlog
D:\study\c\C++\linked list using complex\linked list using complex\Debug\link.5044.read.1.tlog
D:\study\c\C++\linked list using complex\linked list using complex\Debug\link.5044.write.1.tlog
D:\study\c\C++\linked list using complex\linked list using complex\Debug\link.command.1.tlog
D:\study\c\C++\linked list using complex\linked list using complex\Debug\link.read.1.tlog
D:\study\c\C++\linked list using complex\linked list using complex\Debug\link.write.1.tlog
D:\study\c\C++\linked list using complex\linked list using complex\Debug\vc110.idb
D:\study\c\C++\linked list using complex\linked list using complex\Debug\vc110.pdb
D:\study\c\C++\linked list using complex\Debug\linked list using complex.pdb
D:\study\c\C++\linked list using complex\Debug\linked list using complex.exe
D:\study\c\C++\linked list using complex\Debug\linked list using complex.ilk
