Build started 27-07-2020 16:49:57.
     1>Project "D:\study\c\C++\polymorphism example 9\polymorphism example 9\polymorphism example 9.vcxproj" on node 2 (Build target(s)).
     1>PrepareForBuild:
         Creating directory "D:\study\c\C++\polymorphism example 9\Debug\".
       InitializeBuildStatus:
         Creating "Debug\polymorphism example 9.unsuccessfulbuild" because "AlwaysCreate" was specified.
       ClCompile:
         C:\Program Files (x86)\Microsoft Visual Studio 11.0\VC\bin\CL.exe /c /ZI /nologo /W3 /WX- /Od /Oy- /D WIN32 /D _DEBUG /D _CONSOLE /D _UNICODE /D UNICODE /Gm /EHsc /RTC1 /MDd /GS /fp:precise /Zc:wchar_t /Zc:forScope /Fo"Debug\\" /Fd"Debug\vc110.pdb" /Gd /TP /analyze- /errorReport:prompt "inheritance example 9.cpp"
         inheritance example 9.cpp
     1>d:\study\c\c++\polymorphism example 9\polymorphism example 9\inheritance example 9.cpp(15): warning C4996: 'strcpy': This function or variable may be unsafe. Consider using strcpy_s instead. To disable deprecation, use _CRT_SECURE_NO_WARNINGS. See online help for details.
                 c:\program files (x86)\microsoft visual studio 11.0\vc\include\string.h(110) : see declaration of 'strcpy'
     1>d:\study\c\c++\polymorphism example 9\polymorphism example 9\inheritance example 9.cpp(25): warning C4996: 'strcpy': This function or variable may be unsafe. Consider using strcpy_s instead. To disable deprecation, use _CRT_SECURE_NO_WARNINGS. See online help for details.
                 c:\program files (x86)\microsoft visual studio 11.0\vc\include\string.h(110) : see declaration of 'strcpy'
     1>d:\study\c\c++\polymorphism example 9\polymorphism example 9\inheritance example 9.cpp(35): warning C4996: 'strcpy': This function or variable may be unsafe. Consider using strcpy_s instead. To disable deprecation, use _CRT_SECURE_NO_WARNINGS. See online help for details.
                 c:\program files (x86)\microsoft visual studio 11.0\vc\include\string.h(110) : see declaration of 'strcpy'
     1>d:\study\c\c++\polymorphism example 9\polymorphism example 9\inheritance example 9.cpp(56): warning C4996: 'strcpy': This function or variable may be unsafe. Consider using strcpy_s instead. To disable deprecation, use _CRT_SECURE_NO_WARNINGS. See online help for details.
                 c:\program files (x86)\microsoft visual studio 11.0\vc\include\string.h(110) : see declaration of 'strcpy'
     1>d:\study\c\c++\polymorphism example 9\polymorphism example 9\inheritance example 9.cpp(57): warning C4996: 'strcpy': This function or variable may be unsafe. Consider using strcpy_s instead. To disable deprecation, use _CRT_SECURE_NO_WARNINGS. See online help for details.
                 c:\program files (x86)\microsoft visual studio 11.0\vc\include\string.h(110) : see declaration of 'strcpy'
     1>d:\study\c\c++\polymorphism example 9\polymorphism example 9\inheritance example 9.cpp(64): warning C4996: 'strcpy': This function or variable may be unsafe. Consider using strcpy_s instead. To disable deprecation, use _CRT_SECURE_NO_WARNINGS. See online help for details.
                 c:\program files (x86)\microsoft visual studio 11.0\vc\include\string.h(110) : see declaration of 'strcpy'
     1>d:\study\c\c++\polymorphism example 9\polymorphism example 9\inheritance example 9.cpp(65): warning C4996: 'strcpy': This function or variable may be unsafe. Consider using strcpy_s instead. To disable deprecation, use _CRT_SECURE_NO_WARNINGS. See online help for details.
                 c:\program files (x86)\microsoft visual studio 11.0\vc\include\string.h(110) : see declaration of 'strcpy'
       Link:
         C:\Program Files (x86)\Microsoft Visual Studio 11.0\VC\bin\link.exe /ERRORREPORT:PROMPT /OUT:"D:\study\c\C++\polymorphism example 9\Debug\polymorphism example 9.exe" /INCREMENTAL /NOLOGO kernel32.lib user32.lib gdi32.lib winspool.lib comdlg32.lib advapi32.lib shell32.lib ole32.lib oleaut32.lib uuid.lib odbc32.lib odbccp32.lib /MANIFEST /MANIFESTUAC:"level='asInvoker' uiAccess='false'" /manifest:embed /DEBUG /PDB:"D:\study\c\C++\polymorphism example 9\Debug\polymorphism example 9.pdb" /SUBSYSTEM:CONSOLE /TLBID:1 /DYNAMICBASE /NXCOMPAT /IMPLIB:"D:\study\c\C++\polymorphism example 9\Debug\polymorphism example 9.lib" /MACHINE:X86 "Debug\inheritance example 9.obj"
         polymorphism example 9.vcxproj -> D:\study\c\C++\polymorphism example 9\Debug\polymorphism example 9.exe
       FinalizeBuildStatus:
         Deleting file "Debug\polymorphism example 9.unsuccessfulbuild".
         Touching "Debug\polymorphism example 9.lastbuildstate".
     1>Done Building Project "D:\study\c\C++\polymorphism example 9\polymorphism example 9\polymorphism example 9.vcxproj" (Build target(s)).

Build succeeded.

Time Elapsed 00:00:03.38
