Build started 06-08-2020 20:41:18.
     1>Project "D:\study\c\C++\friend my array\friend my array\friend my array.vcxproj" on node 2 (Rebuild target(s)).
     1>_PrepareForClean:
         Deleting file "Debug\friend my array.lastbuildstate".
       InitializeBuildStatus:
         Creating "Debug\friend my array.unsuccessfulbuild" because "AlwaysCreate" was specified.
       ClCompile:
         C:\Program Files (x86)\Microsoft Visual Studio 11.0\VC\bin\CL.exe /c /ZI /nologo /W3 /WX- /Od /Oy- /D WIN32 /D _DEBUG /D _CONSOLE /D _UNICODE /D UNICODE /Gm /EHsc /RTC1 /MDd /GS /fp:precise /Zc:wchar_t /Zc:forScope /Fo"Debug\\" /Fd"Debug\vc110.pdb" /Gd /TP /analyze- /errorReport:prompt myarray.cpp
         myarray.cpp
     1>d:\study\c\c++\friend my array\friend my array\myarray.cpp(54): warning C4101: 'error' : unreferenced local variable
     1>d:\study\c\c++\friend my array\friend my array\myarray.cpp(83): warning C4101: 'error' : unreferenced local variable
     1>d:\study\c\c++\friend my array\friend my array\myarray.cpp(103): warning C4101: 'error' : unreferenced local variable
     1>d:\study\c\c++\friend my array\friend my array\myarray.cpp(107): warning C4715: 'Myarray::operator[]' : not all control paths return a value
       Link:
         C:\Program Files (x86)\Microsoft Visual Studio 11.0\VC\bin\link.exe /ERRORREPORT:PROMPT /OUT:"D:\study\c\C++\friend my array\Debug\friend my array.exe" /INCREMENTAL /NOLOGO kernel32.lib user32.lib gdi32.lib winspool.lib comdlg32.lib advapi32.lib shell32.lib ole32.lib oleaut32.lib uuid.lib odbc32.lib odbccp32.lib /MANIFEST /MANIFESTUAC:"level='asInvoker' uiAccess='false'" /manifest:embed /DEBUG /PDB:"D:\study\c\C++\friend my array\Debug\friend my array.pdb" /SUBSYSTEM:CONSOLE /TLBID:1 /DYNAMICBASE /NXCOMPAT /IMPLIB:"D:\study\c\C++\friend my array\Debug\friend my array.lib" /MACHINE:X86 Debug\myarray.obj
         friend my array.vcxproj -> D:\study\c\C++\friend my array\Debug\friend my array.exe
       FinalizeBuildStatus:
         Deleting file "Debug\friend my array.unsuccessfulbuild".
         Touching "Debug\friend my array.lastbuildstate".
     1>Done Building Project "D:\study\c\C++\friend my array\friend my array\friend my array.vcxproj" (Rebuild target(s)).

Build succeeded.

Time Elapsed 00:00:11.77
