D:\STUDY\C\C++\FRIEND MY ARRAY\FRIEND MY ARRAY\DEBUG\MYARRAY.OBJ
D:\STUDY\C\C++\FRIEND MY ARRAY\FRIEND MY ARRAY\DEBUG\VC110.PDB
D:\STUDY\C\C++\FRIEND MY ARRAY\DEBUG\FRIEND MY ARRAY.ILK
D:\STUDY\C\C++\FRIEND MY ARRAY\DEBUG\FRIEND MY ARRAY.EXE
D:\STUDY\C\C++\FRIEND MY ARRAY\DEBUG\FRIEND MY ARRAY.PDB
D:\study\c\C++\friend my array\friend my array\Debug\myarray.obj
D:\study\c\C++\friend my array\friend my array\Debug\cl.command.1.tlog
D:\study\c\C++\friend my array\friend my array\Debug\CL.read.1.tlog
D:\study\c\C++\friend my array\friend my array\Debug\CL.write.1.tlog
D:\study\c\C++\friend my array\friend my array\Debug\link-cvtres.read.1.tlog
D:\study\c\C++\friend my array\friend my array\Debug\link-cvtres.write.1.tlog
D:\study\c\C++\friend my array\friend my array\Debug\link-rc.read.1.tlog
D:\study\c\C++\friend my array\friend my array\Debug\link-rc.write.1.tlog
D:\study\c\C++\friend my array\friend my array\Debug\link.command.1.tlog
D:\study\c\C++\friend my array\friend my array\Debug\link.read.1.tlog
D:\study\c\C++\friend my array\friend my array\Debug\link.write.1.tlog
D:\study\c\C++\friend my array\friend my array\Debug\vc110.idb
D:\study\c\C++\friend my array\friend my array\Debug\vc110.pdb
D:\study\c\C++\friend my array\Debug\friend my array.pdb
D:\study\c\C++\friend my array\Debug\friend my array.exe
D:\study\c\C++\friend my array\Debug\friend my array.ilk
