D:\STUDY\C\C++\INHERITANCE EXAMPLE1\INHERITANCE EXAMPLE1\DEBUG\VC110.PDB
D:\STUDY\C\C++\INHERITANCE EXAMPLE1\INHERITANCE EXAMPLE1\DEBUG\SOURCE.OBJ
D:\STUDY\C\C++\INHERITANCE EXAMPLE1\DEBUG\INHERITANCE EXAMPLE1.ILK
D:\STUDY\C\C++\INHERITANCE EXAMPLE1\DEBUG\INHERITANCE EXAMPLE1.EXE
D:\STUDY\C\C++\INHERITANCE EXAMPLE1\DEBUG\INHERITANCE EXAMPLE1.PDB
D:\study\c\C++\inheritance example1\inheritance example1\Debug\Source.obj
D:\study\c\C++\inheritance example1\inheritance example1\Debug\cl.command.1.tlog
D:\study\c\C++\inheritance example1\inheritance example1\Debug\CL.read.1.tlog
D:\study\c\C++\inheritance example1\inheritance example1\Debug\CL.write.1.tlog
D:\study\c\C++\inheritance example1\inheritance example1\Debug\link-cvtres.read.1.tlog
D:\study\c\C++\inheritance example1\inheritance example1\Debug\link-cvtres.write.1.tlog
D:\study\c\C++\inheritance example1\inheritance example1\Debug\link-rc.read.1.tlog
D:\study\c\C++\inheritance example1\inheritance example1\Debug\link-rc.write.1.tlog
D:\study\c\C++\inheritance example1\inheritance example1\Debug\link.command.1.tlog
D:\study\c\C++\inheritance example1\inheritance example1\Debug\link.read.1.tlog
D:\study\c\C++\inheritance example1\inheritance example1\Debug\link.write.1.tlog
D:\study\c\C++\inheritance example1\inheritance example1\Debug\vc110.idb
D:\study\c\C++\inheritance example1\inheritance example1\Debug\vc110.pdb
D:\study\c\C++\inheritance example1\Debug\inheritance example1.pdb
D:\study\c\C++\inheritance example1\Debug\inheritance example1.exe
D:\study\c\C++\inheritance example1\Debug\inheritance example1.ilk
