D:\STUDY\C\C++\OPERATOR OVERLOADING URNIARY OPERATOR\OPERATOR OVERLOADING URNIARY OPERATOR\DEBUG\SOURCE.OBJ
D:\STUDY\C\C++\OPERATOR OVERLOADING URNIARY OPERATOR\OPERATOR OVERLOADING URNIARY OPERATOR\DEBUG\VC110.PDB
D:\STUDY\C\C++\OPERATOR OVERLOADING URNIARY OPERATOR\DEBUG\OPERATOR OVERLOADING URNIARY OPERATOR.ILK
D:\STUDY\C\C++\OPERATOR OVERLOADING URNIARY OPERATOR\DEBUG\OPERATOR OVERLOADING URNIARY OPERATOR.EXE
D:\STUDY\C\C++\OPERATOR OVERLOADING URNIARY OPERATOR\DEBUG\OPERATOR OVERLOADING URNIARY OPERATOR.PDB
D:\study\c\C++\operator overloading urniary operator\operator overloading urniary operator\Debug\Source.obj
D:\study\c\C++\operator overloading urniary operator\operator overloading urniary operator\Debug\cl.command.1.tlog
D:\study\c\C++\operator overloading urniary operator\operator overloading urniary operator\Debug\CL.read.1.tlog
D:\study\c\C++\operator overloading urniary operator\operator overloading urniary operator\Debug\CL.write.1.tlog
D:\study\c\C++\operator overloading urniary operator\operator overloading urniary operator\Debug\link-cvtres.read.1.tlog
D:\study\c\C++\operator overloading urniary operator\operator overloading urniary operator\Debug\link-cvtres.write.1.tlog
D:\study\c\C++\operator overloading urniary operator\operator overloading urniary operator\Debug\link-rc.read.1.tlog
D:\study\c\C++\operator overloading urniary operator\operator overloading urniary operator\Debug\link-rc.write.1.tlog
D:\study\c\C++\operator overloading urniary operator\operator overloading urniary operator\Debug\link.3152-cvtres.read.1.tlog
D:\study\c\C++\operator overloading urniary operator\operator overloading urniary operator\Debug\link.3152-cvtres.write.1.tlog
D:\study\c\C++\operator overloading urniary operator\operator overloading urniary operator\Debug\link.3152-rc.read.1.tlog
D:\study\c\C++\operator overloading urniary operator\operator overloading urniary operator\Debug\link.3152-rc.write.1.tlog
D:\study\c\C++\operator overloading urniary operator\operator overloading urniary operator\Debug\link.3152.read.1.tlog
D:\study\c\C++\operator overloading urniary operator\operator overloading urniary operator\Debug\link.3152.write.1.tlog
D:\study\c\C++\operator overloading urniary operator\operator overloading urniary operator\Debug\link.5208-cvtres.read.1.tlog
D:\study\c\C++\operator overloading urniary operator\operator overloading urniary operator\Debug\link.5208-cvtres.write.1.tlog
D:\study\c\C++\operator overloading urniary operator\operator overloading urniary operator\Debug\link.5208-rc.read.1.tlog
D:\study\c\C++\operator overloading urniary operator\operator overloading urniary operator\Debug\link.5208-rc.write.1.tlog
D:\study\c\C++\operator overloading urniary operator\operator overloading urniary operator\Debug\link.5208.read.1.tlog
D:\study\c\C++\operator overloading urniary operator\operator overloading urniary operator\Debug\link.5208.write.1.tlog
D:\study\c\C++\operator overloading urniary operator\operator overloading urniary operator\Debug\link.command.1.tlog
D:\study\c\C++\operator overloading urniary operator\operator overloading urniary operator\Debug\link.read.1.tlog
D:\study\c\C++\operator overloading urniary operator\operator overloading urniary operator\Debug\link.write.1.tlog
D:\study\c\C++\operator overloading urniary operator\operator overloading urniary operator\Debug\vc110.idb
D:\study\c\C++\operator overloading urniary operator\operator overloading urniary operator\Debug\vc110.pdb
D:\study\c\C++\operator overloading urniary operator\Debug\operator overloading urniary operator.pdb
D:\study\c\C++\operator overloading urniary operator\Debug\operator overloading urniary operator.exe
D:\study\c\C++\operator overloading urniary operator\Debug\operator overloading urniary operator.ilk
