D:\STUDY\C\C++\OPERATOR OVERLOADING ATHRIMETIC\OPERATOR OVERLOADING +\DEBUG\SOURCE.OBJ
D:\STUDY\C\C++\OPERATOR OVERLOADING ATHRIMETIC\OPERATOR OVERLOADING +\DEBUG\VC110.PDB
D:\STUDY\C\C++\OPERATOR OVERLOADING ATHRIMETIC\DEBUG\OPERATOR OVERLOADING ARITHMETIC.ILK
D:\STUDY\C\C++\OPERATOR OVERLOADING ATHRIMETIC\DEBUG\OPERATOR OVERLOADING ARITHMETIC.EXE
D:\STUDY\C\C++\OPERATOR OVERLOADING ATHRIMETIC\DEBUG\OPERATOR OVERLOADING ARITHMETIC.PDB
D:\study\c\C++\operator overloading Athrimetic\operator overloading +\Debug\Source.obj
D:\study\c\C++\operator overloading Athrimetic\operator overloading +\Debug\cl.command.1.tlog
D:\study\c\C++\operator overloading Athrimetic\operator overloading +\Debug\CL.read.1.tlog
D:\study\c\C++\operator overloading Athrimetic\operator overloading +\Debug\CL.write.1.tlog
D:\study\c\C++\operator overloading Athrimetic\operator overloading +\Debug\link-cvtres.read.1.tlog
D:\study\c\C++\operator overloading Athrimetic\operator overloading +\Debug\link-cvtres.write.1.tlog
D:\study\c\C++\operator overloading Athrimetic\operator overloading +\Debug\link-rc.read.1.tlog
D:\study\c\C++\operator overloading Athrimetic\operator overloading +\Debug\link-rc.write.1.tlog
D:\study\c\C++\operator overloading Athrimetic\operator overloading +\Debug\link.command.1.tlog
D:\study\c\C++\operator overloading Athrimetic\operator overloading +\Debug\link.read.1.tlog
D:\study\c\C++\operator overloading Athrimetic\operator overloading +\Debug\link.write.1.tlog
D:\study\c\C++\operator overloading Athrimetic\operator overloading +\Debug\vc110.idb
D:\study\c\C++\operator overloading Athrimetic\operator overloading +\Debug\vc110.pdb
D:\study\c\C++\operator overloading Athrimetic\Debug\operator overloading Arithmetic.pdb
D:\study\c\C++\operator overloading Athrimetic\Debug\operator overloading Arithmetic.exe
D:\study\c\C++\operator overloading Athrimetic\Debug\operator overloading Arithmetic.ilk
