D:\STUDY\C\C++\LINKED LIST DEMO\LINKED LIST DEMO\DEBUG\LINKED LIST.OBJ
D:\STUDY\C\C++\LINKED LIST DEMO\LINKED LIST DEMO\DEBUG\VC110.PDB
D:\STUDY\C\C++\LINKED LIST DEMO\DEBUG\LINKED LIST DEMO.ILK
D:\STUDY\C\C++\LINKED LIST DEMO\DEBUG\LINKED LIST DEMO.EXE
D:\STUDY\C\C++\LINKED LIST DEMO\DEBUG\LINKED LIST DEMO.PDB
D:\study\c\C++\linked list demo\linked list demo\Debug\linked list.obj
D:\study\c\C++\linked list demo\linked list demo\Debug\cl.command.1.tlog
D:\study\c\C++\linked list demo\linked list demo\Debug\CL.read.1.tlog
D:\study\c\C++\linked list demo\linked list demo\Debug\CL.write.1.tlog
D:\study\c\C++\linked list demo\linked list demo\Debug\link-cvtres.read.1.tlog
D:\study\c\C++\linked list demo\linked list demo\Debug\link-cvtres.write.1.tlog
D:\study\c\C++\linked list demo\linked list demo\Debug\link-rc.read.1.tlog
D:\study\c\C++\linked list demo\linked list demo\Debug\link-rc.write.1.tlog
D:\study\c\C++\linked list demo\linked list demo\Debug\link.command.1.tlog
D:\study\c\C++\linked list demo\linked list demo\Debug\link.read.1.tlog
D:\study\c\C++\linked list demo\linked list demo\Debug\link.write.1.tlog
D:\study\c\C++\linked list demo\linked list demo\Debug\vc110.idb
D:\study\c\C++\linked list demo\linked list demo\Debug\vc110.pdb
D:\study\c\C++\linked list demo\Debug\linked list demo.pdb
D:\study\c\C++\linked list demo\Debug\linked list demo.exe
D:\study\c\C++\linked list demo\Debug\linked list demo.ilk
