D:\STUDY\C\C++\BST\BST\DEBUG\BST.OBJ
D:\STUDY\C\C++\BST\BST\DEBUG\VC110.PDB
D:\STUDY\C\C++\BST\DEBUG\BST.ILK
D:\STUDY\C\C++\BST\DEBUG\BST.EXE
D:\STUDY\C\C++\BST\DEBUG\BST.PDB
D:\study\c\C++\BST\BST\Debug\BST.obj
D:\study\c\C++\BST\BST\Debug\cl.command.1.tlog
D:\study\c\C++\BST\BST\Debug\CL.read.1.tlog
D:\study\c\C++\BST\BST\Debug\CL.write.1.tlog
D:\study\c\C++\BST\BST\Debug\link-cvtres.read.1.tlog
D:\study\c\C++\BST\BST\Debug\link-cvtres.write.1.tlog
D:\study\c\C++\BST\BST\Debug\link-rc.read.1.tlog
D:\study\c\C++\BST\BST\Debug\link-rc.write.1.tlog
D:\study\c\C++\BST\BST\Debug\link.command.1.tlog
D:\study\c\C++\BST\BST\Debug\link.read.1.tlog
D:\study\c\C++\BST\BST\Debug\link.write.1.tlog
D:\study\c\C++\BST\BST\Debug\vc110.idb
D:\study\c\C++\BST\BST\Debug\vc110.pdb
D:\study\c\C++\BST\Debug\BST.pdb
D:\study\c\C++\BST\Debug\BST.exe
D:\study\c\C++\BST\Debug\BST.ilk
