D:\STUDY\C\C++\SETTER GETTER\SETTER GETTER\DEBUG\SOURCE.OBJ
D:\STUDY\C\C++\SETTER GETTER\SETTER GETTER\DEBUG\VC110.PDB
D:\STUDY\C\C++\SETTER GETTER\DEBUG\SETTER GETTER.ILK
D:\STUDY\C\C++\SETTER GETTER\DEBUG\SETTER GETTER.EXE
D:\STUDY\C\C++\SETTER GETTER\DEBUG\SETTER GETTER.PDB
D:\study\c\C++\setter getter\setter getter\Debug\cl.command.1.tlog
D:\study\c\C++\setter getter\setter getter\Debug\CL.read.1.tlog
D:\study\c\C++\setter getter\setter getter\Debug\CL.write.1.tlog
D:\study\c\C++\setter getter\setter getter\Debug\link-cvtres.read.1.tlog
D:\study\c\C++\setter getter\setter getter\Debug\link-cvtres.write.1.tlog
D:\study\c\C++\setter getter\setter getter\Debug\link-rc.read.1.tlog
D:\study\c\C++\setter getter\setter getter\Debug\link-rc.write.1.tlog
D:\study\c\C++\setter getter\setter getter\Debug\link.command.1.tlog
D:\study\c\C++\setter getter\setter getter\Debug\link.read.1.tlog
D:\study\c\C++\setter getter\setter getter\Debug\link.write.1.tlog
D:\study\c\C++\setter getter\setter getter\Debug\vc110.idb
D:\study\c\C++\setter getter\setter getter\Debug\vc110.pdb
D:\study\c\C++\setter getter\Debug\setter getter.pdb
D:\study\c\C++\setter getter\Debug\setter getter.exe
D:\study\c\C++\setter getter\Debug\setter getter.ilk
