Build started 27-07-2020 16:54:29.
     1>Project "D:\study\c\C++\polymorphism exmple 7\polymorphism exmple 7\polymorphism exmple 7.vcxproj" on node 2 (Build target(s)).
     1>InitializeBuildStatus:
         Creating "Debug\polymorphism exmple 7.unsuccessfulbuild" because "AlwaysCreate" was specified.
       ClCompile:
         C:\Program Files (x86)\Microsoft Visual Studio 11.0\VC\bin\CL.exe /c /ZI /nologo /W3 /WX- /Od /Oy- /D WIN32 /D _DEBUG /D _CONSOLE /D _UNICODE /D UNICODE /Gm /EHsc /RTC1 /MDd /GS /fp:precise /Zc:wchar_t /Zc:forScope /Fo"Debug\\" /Fd"Debug\vc110.pdb" /Gd /TP /analyze- /errorReport:prompt "polymorphism example 7.cpp"
         polymorphism example 7.cpp
     1>d:\study\c\c++\polymorphism exmple 7\polymorphism exmple 7\polymorphism example 7.cpp(13): warning C4996: 'strcpy': This function or variable may be unsafe. Consider using strcpy_s instead. To disable deprecation, use _CRT_SECURE_NO_WARNINGS. See online help for details.
                 c:\program files (x86)\microsoft visual studio 11.0\vc\include\string.h(110) : see declaration of 'strcpy'
     1>d:\study\c\c++\polymorphism exmple 7\polymorphism exmple 7\polymorphism example 7.cpp(19): warning C4996: 'strcpy': This function or variable may be unsafe. Consider using strcpy_s instead. To disable deprecation, use _CRT_SECURE_NO_WARNINGS. See online help for details.
                 c:\program files (x86)\microsoft visual studio 11.0\vc\include\string.h(110) : see declaration of 'strcpy'
     1>d:\study\c\c++\polymorphism exmple 7\polymorphism exmple 7\polymorphism example 7.cpp(24): warning C4996: 'strcpy': This function or variable may be unsafe. Consider using strcpy_s instead. To disable deprecation, use _CRT_SECURE_NO_WARNINGS. See online help for details.
                 c:\program files (x86)\microsoft visual studio 11.0\vc\include\string.h(110) : see declaration of 'strcpy'
     1>d:\study\c\c++\polymorphism exmple 7\polymorphism exmple 7\polymorphism example 7.cpp(105): warning C4305: '=' : truncation from 'double' to 'float'
     1>d:\study\c\c++\polymorphism exmple 7\polymorphism exmple 7\polymorphism example 7.cpp(128): warning C4244: 'return' : conversion from 'double' to 'float', possible loss of data
       Link:
         C:\Program Files (x86)\Microsoft Visual Studio 11.0\VC\bin\link.exe /ERRORREPORT:PROMPT /OUT:"D:\study\c\C++\polymorphism exmple 7\Debug\polymorphism exmple 7.exe" /INCREMENTAL /NOLOGO kernel32.lib user32.lib gdi32.lib winspool.lib comdlg32.lib advapi32.lib shell32.lib ole32.lib oleaut32.lib uuid.lib odbc32.lib odbccp32.lib /MANIFEST /MANIFESTUAC:"level='asInvoker' uiAccess='false'" /manifest:embed /DEBUG /PDB:"D:\study\c\C++\polymorphism exmple 7\Debug\polymorphism exmple 7.pdb" /SUBSYSTEM:CONSOLE /TLBID:1 /DYNAMICBASE /NXCOMPAT /IMPLIB:"D:\study\c\C++\polymorphism exmple 7\Debug\polymorphism exmple 7.lib" /MACHINE:X86 "Debug\polymorphism example 7.obj"
         polymorphism exmple 7.vcxproj -> D:\study\c\C++\polymorphism exmple 7\Debug\polymorphism exmple 7.exe
       FinalizeBuildStatus:
         Deleting file "Debug\polymorphism exmple 7.unsuccessfulbuild".
         Touching "Debug\polymorphism exmple 7.lastbuildstate".
     1>Done Building Project "D:\study\c\C++\polymorphism exmple 7\polymorphism exmple 7\polymorphism exmple 7.vcxproj" (Build target(s)).

Build succeeded.

Time Elapsed 00:00:03.02
